running egg_info
creating build/master_simulator/master_simulator.egg-info
writing build/master_simulator/master_simulator.egg-info/PKG-INFO
writing dependency_links to build/master_simulator/master_simulator.egg-info/dependency_links.txt
writing entry points to build/master_simulator/master_simulator.egg-info/entry_points.txt
writing requirements to build/master_simulator/master_simulator.egg-info/requires.txt
writing top-level names to build/master_simulator/master_simulator.egg-info/top_level.txt
writing manifest file 'build/master_simulator/master_simulator.egg-info/SOURCES.txt'
reading manifest file 'build/master_simulator/master_simulator.egg-info/SOURCES.txt'
writing manifest file 'build/master_simulator/master_simulator.egg-info/SOURCES.txt'
running build
running build_py
creating /home/lasse/ROS/master_ws/src/master_simulator/build/master_simulator/build
creating /home/lasse/ROS/master_ws/src/master_simulator/build/master_simulator/build/lib
creating /home/lasse/ROS/master_ws/src/master_simulator/build/master_simulator/build/lib/master_simulator
copying master_simulator/test_simulation.py -> /home/lasse/ROS/master_ws/src/master_simulator/build/master_simulator/build/lib/master_simulator
copying master_simulator/__init__.py -> /home/lasse/ROS/master_ws/src/master_simulator/build/master_simulator/build/lib/master_simulator
copying master_simulator/simulation.py -> /home/lasse/ROS/master_ws/src/master_simulator/build/master_simulator/build/lib/master_simulator
copying master_simulator/auv_dynamics.py -> /home/lasse/ROS/master_ws/src/master_simulator/build/master_simulator/build/lib/master_simulator
running install
running install_lib
creating /home/lasse/ROS/master_ws/src/master_simulator/install/master_simulator/lib/python3.10/site-packages/master_simulator
copying /home/lasse/ROS/master_ws/src/master_simulator/build/master_simulator/build/lib/master_simulator/test_simulation.py -> /home/lasse/ROS/master_ws/src/master_simulator/install/master_simulator/lib/python3.10/site-packages/master_simulator
copying /home/lasse/ROS/master_ws/src/master_simulator/build/master_simulator/build/lib/master_simulator/__init__.py -> /home/lasse/ROS/master_ws/src/master_simulator/install/master_simulator/lib/python3.10/site-packages/master_simulator
copying /home/lasse/ROS/master_ws/src/master_simulator/build/master_simulator/build/lib/master_simulator/simulation.py -> /home/lasse/ROS/master_ws/src/master_simulator/install/master_simulator/lib/python3.10/site-packages/master_simulator
copying /home/lasse/ROS/master_ws/src/master_simulator/build/master_simulator/build/lib/master_simulator/auv_dynamics.py -> /home/lasse/ROS/master_ws/src/master_simulator/install/master_simulator/lib/python3.10/site-packages/master_simulator
byte-compiling /home/lasse/ROS/master_ws/src/master_simulator/install/master_simulator/lib/python3.10/site-packages/master_simulator/test_simulation.py to test_simulation.cpython-310.pyc
byte-compiling /home/lasse/ROS/master_ws/src/master_simulator/install/master_simulator/lib/python3.10/site-packages/master_simulator/__init__.py to __init__.cpython-310.pyc
byte-compiling /home/lasse/ROS/master_ws/src/master_simulator/install/master_simulator/lib/python3.10/site-packages/master_simulator/simulation.py to simulation.cpython-310.pyc
byte-compiling /home/lasse/ROS/master_ws/src/master_simulator/install/master_simulator/lib/python3.10/site-packages/master_simulator/auv_dynamics.py to auv_dynamics.cpython-310.pyc
running install_data
creating /home/lasse/ROS/master_ws/src/master_simulator/install/master_simulator/share/ament_index
creating /home/lasse/ROS/master_ws/src/master_simulator/install/master_simulator/share/ament_index/resource_index
creating /home/lasse/ROS/master_ws/src/master_simulator/install/master_simulator/share/ament_index/resource_index/packages
copying resource/master_simulator -> /home/lasse/ROS/master_ws/src/master_simulator/install/master_simulator/share/ament_index/resource_index/packages
copying package.xml -> /home/lasse/ROS/master_ws/src/master_simulator/install/master_simulator/share/master_simulator
creating /home/lasse/ROS/master_ws/src/master_simulator/install/master_simulator/share/master_simulator/launch
copying launch/robot_arm_launch.py -> /home/lasse/ROS/master_ws/src/master_simulator/install/master_simulator/share/master_simulator/launch
creating /home/lasse/ROS/master_ws/src/master_simulator/install/master_simulator/share/master_simulator/urdf
copying urdf/robot_arm.urdf -> /home/lasse/ROS/master_ws/src/master_simulator/install/master_simulator/share/master_simulator/urdf
creating /home/lasse/ROS/master_ws/src/master_simulator/install/master_simulator/share/master_simulator/config
copying config/robot_arm.rviz -> /home/lasse/ROS/master_ws/src/master_simulator/install/master_simulator/share/master_simulator/config
running install_egg_info
Copying build/master_simulator/master_simulator.egg-info to /home/lasse/ROS/master_ws/src/master_simulator/install/master_simulator/lib/python3.10/site-packages/master_simulator-0.0.0-py3.10.egg-info
running install_scripts
Installing simulator_node script to /home/lasse/ROS/master_ws/src/master_simulator/install/master_simulator/lib/master_simulator
Installing test_simulator_node script to /home/lasse/ROS/master_ws/src/master_simulator/install/master_simulator/lib/master_simulator
writing list of installed files to '/home/lasse/ROS/master_ws/src/master_simulator/build/master_simulator/install.log'
