[0.857s] Invoking command in '/home/lasse/ROS/master_ws/src/master_simulator': PYTHONPATH=/home/lasse/ROS/master_ws/src/master_simulator/build/master_simulator/prefix_override:/home/lasse/ROS/master_ws/src/master_simulator/install/master_simulator/lib/python3.10/site-packages:${PYTHONPATH} /usr/bin/python3 setup.py egg_info --egg-base build/master_simulator build --build-base /home/lasse/ROS/master_ws/src/master_simulator/build/master_simulator/build install --record /home/lasse/ROS/master_ws/src/master_simulator/build/master_simulator/install.log --single-version-externally-managed
[1.136s] running egg_info
[1.137s] creating build/master_simulator/master_simulator.egg-info
[1.137s] writing build/master_simulator/master_simulator.egg-info/PKG-INFO
[1.137s] writing dependency_links to build/master_simulator/master_simulator.egg-info/dependency_links.txt
[1.137s] writing entry points to build/master_simulator/master_simulator.egg-info/entry_points.txt
[1.137s] writing requirements to build/master_simulator/master_simulator.egg-info/requires.txt
[1.137s] writing top-level names to build/master_simulator/master_simulator.egg-info/top_level.txt
[1.137s] writing manifest file 'build/master_simulator/master_simulator.egg-info/SOURCES.txt'
[1.140s] reading manifest file 'build/master_simulator/master_simulator.egg-info/SOURCES.txt'
[1.140s] writing manifest file 'build/master_simulator/master_simulator.egg-info/SOURCES.txt'
[1.141s] running build
[1.141s] running build_py
[1.141s] creating /home/lasse/ROS/master_ws/src/master_simulator/build/master_simulator/build
[1.141s] creating /home/lasse/ROS/master_ws/src/master_simulator/build/master_simulator/build/lib
[1.141s] creating /home/lasse/ROS/master_ws/src/master_simulator/build/master_simulator/build/lib/master_simulator
[1.141s] copying master_simulator/test_simulation.py -> /home/lasse/ROS/master_ws/src/master_simulator/build/master_simulator/build/lib/master_simulator
[1.141s] copying master_simulator/__init__.py -> /home/lasse/ROS/master_ws/src/master_simulator/build/master_simulator/build/lib/master_simulator
[1.141s] copying master_simulator/simulation.py -> /home/lasse/ROS/master_ws/src/master_simulator/build/master_simulator/build/lib/master_simulator
[1.142s] copying master_simulator/auv_dynamics.py -> /home/lasse/ROS/master_ws/src/master_simulator/build/master_simulator/build/lib/master_simulator
[1.142s] running install
[1.142s] running install_lib
[1.142s] creating /home/lasse/ROS/master_ws/src/master_simulator/install/master_simulator/lib/python3.10/site-packages/master_simulator
[1.143s] copying /home/lasse/ROS/master_ws/src/master_simulator/build/master_simulator/build/lib/master_simulator/test_simulation.py -> /home/lasse/ROS/master_ws/src/master_simulator/install/master_simulator/lib/python3.10/site-packages/master_simulator
[1.143s] copying /home/lasse/ROS/master_ws/src/master_simulator/build/master_simulator/build/lib/master_simulator/__init__.py -> /home/lasse/ROS/master_ws/src/master_simulator/install/master_simulator/lib/python3.10/site-packages/master_simulator
[1.143s] copying /home/lasse/ROS/master_ws/src/master_simulator/build/master_simulator/build/lib/master_simulator/simulation.py -> /home/lasse/ROS/master_ws/src/master_simulator/install/master_simulator/lib/python3.10/site-packages/master_simulator
[1.143s] copying /home/lasse/ROS/master_ws/src/master_simulator/build/master_simulator/build/lib/master_simulator/auv_dynamics.py -> /home/lasse/ROS/master_ws/src/master_simulator/install/master_simulator/lib/python3.10/site-packages/master_simulator
[1.144s] byte-compiling /home/lasse/ROS/master_ws/src/master_simulator/install/master_simulator/lib/python3.10/site-packages/master_simulator/test_simulation.py to test_simulation.cpython-310.pyc
[1.144s] byte-compiling /home/lasse/ROS/master_ws/src/master_simulator/install/master_simulator/lib/python3.10/site-packages/master_simulator/__init__.py to __init__.cpython-310.pyc
[1.144s] byte-compiling /home/lasse/ROS/master_ws/src/master_simulator/install/master_simulator/lib/python3.10/site-packages/master_simulator/simulation.py to simulation.cpython-310.pyc
[1.145s] byte-compiling /home/lasse/ROS/master_ws/src/master_simulator/install/master_simulator/lib/python3.10/site-packages/master_simulator/auv_dynamics.py to auv_dynamics.cpython-310.pyc
[1.146s] running install_data
[1.146s] creating /home/lasse/ROS/master_ws/src/master_simulator/install/master_simulator/share/ament_index
[1.146s] creating /home/lasse/ROS/master_ws/src/master_simulator/install/master_simulator/share/ament_index/resource_index
[1.147s] creating /home/lasse/ROS/master_ws/src/master_simulator/install/master_simulator/share/ament_index/resource_index/packages
[1.147s] copying resource/master_simulator -> /home/lasse/ROS/master_ws/src/master_simulator/install/master_simulator/share/ament_index/resource_index/packages
[1.147s] copying package.xml -> /home/lasse/ROS/master_ws/src/master_simulator/install/master_simulator/share/master_simulator
[1.147s] creating /home/lasse/ROS/master_ws/src/master_simulator/install/master_simulator/share/master_simulator/launch
[1.147s] copying launch/robot_arm_launch.py -> /home/lasse/ROS/master_ws/src/master_simulator/install/master_simulator/share/master_simulator/launch
[1.147s] creating /home/lasse/ROS/master_ws/src/master_simulator/install/master_simulator/share/master_simulator/urdf
[1.147s] copying urdf/robot_arm.urdf -> /home/lasse/ROS/master_ws/src/master_simulator/install/master_simulator/share/master_simulator/urdf
[1.147s] creating /home/lasse/ROS/master_ws/src/master_simulator/install/master_simulator/share/master_simulator/config
[1.147s] copying config/robot_arm.rviz -> /home/lasse/ROS/master_ws/src/master_simulator/install/master_simulator/share/master_simulator/config
[1.148s] running install_egg_info
[1.149s] Copying build/master_simulator/master_simulator.egg-info to /home/lasse/ROS/master_ws/src/master_simulator/install/master_simulator/lib/python3.10/site-packages/master_simulator-0.0.0-py3.10.egg-info
[1.150s] running install_scripts
[1.171s] Installing simulator_node script to /home/lasse/ROS/master_ws/src/master_simulator/install/master_simulator/lib/master_simulator
[1.171s] Installing test_simulator_node script to /home/lasse/ROS/master_ws/src/master_simulator/install/master_simulator/lib/master_simulator
[1.171s] writing list of installed files to '/home/lasse/ROS/master_ws/src/master_simulator/build/master_simulator/install.log'
[1.202s] Invoked command in '/home/lasse/ROS/master_ws/src/master_simulator' returned '0': PYTHONPATH=/home/lasse/ROS/master_ws/src/master_simulator/build/master_simulator/prefix_override:/home/lasse/ROS/master_ws/src/master_simulator/install/master_simulator/lib/python3.10/site-packages:${PYTHONPATH} /usr/bin/python3 setup.py egg_info --egg-base build/master_simulator build --build-base /home/lasse/ROS/master_ws/src/master_simulator/build/master_simulator/build install --record /home/lasse/ROS/master_ws/src/master_simulator/build/master_simulator/install.log --single-version-externally-managed
