[1.110s] DEBUG:colcon:Command line arguments: ['/usr/bin/colcon', 'build']
[1.110s] DEBUG:colcon:Parsed command line arguments: Namespace(log_base=None, log_level=None, verb_name='build', build_base='build', install_base='install', merge_install=False, symlink_install=False, test_result_base=None, continue_on_error=False, executor='parallel', parallel_workers=8, event_handlers=None, ignore_user_meta=False, metas=['./colcon.meta'], base_paths=['.'], packages_ignore=None, packages_ignore_regex=None, paths=None, packages_up_to=None, packages_up_to_regex=None, packages_above=None, packages_above_and_dependencies=None, packages_above_depth=None, packages_select_by_dep=None, packages_skip_by_dep=None, packages_skip_up_to=None, packages_select_build_failed=False, packages_skip_build_finished=False, packages_select_test_failures=False, packages_skip_test_passed=False, packages_select=None, packages_skip=None, packages_select_regex=None, packages_skip_regex=None, packages_start=None, packages_end=None, allow_overriding=[], cmake_args=None, cmake_target=None, cmake_target_skip_unavailable=False, cmake_clean_cache=False, cmake_clean_first=False, cmake_force_configure=False, ament_cmake_args=None, catkin_cmake_args=None, catkin_skip_building_tests=False, verb_parser=<colcon_defaults.argument_parser.defaults.DefaultArgumentsDecorator object at 0x7f48e2b78460>, verb_extension=<colcon_core.verb.build.BuildVerb object at 0x7f48e2b7aef0>, main=<bound method BuildVerb.main of <colcon_core.verb.build.BuildVerb object at 0x7f48e2b7aef0>>)
[1.160s] Level 1:colcon.colcon_core.package_discovery:discover_packages(colcon_meta) check parameters
[1.160s] Level 1:colcon.colcon_core.package_discovery:discover_packages(recursive) check parameters
[1.160s] Level 1:colcon.colcon_core.package_discovery:discover_packages(ignore) check parameters
[1.160s] Level 1:colcon.colcon_core.package_discovery:discover_packages(path) check parameters
[1.160s] Level 1:colcon.colcon_core.package_discovery:discover_packages(colcon_meta) discover
[1.160s] Level 1:colcon.colcon_core.package_discovery:discover_packages(recursive) discover
[1.160s] INFO:colcon.colcon_core.package_discovery:Crawling recursively for packages in '/home/lasse/ROS/master_ws/src/master_simulator'
[1.161s] Level 1:colcon.colcon_core.package_identification:_identify(.) by extensions ['ignore', 'ignore_ament_install']
[1.161s] Level 1:colcon.colcon_core.package_identification:_identify(.) by extension 'ignore'
[1.161s] Level 1:colcon.colcon_core.package_identification:_identify(.) by extension 'ignore_ament_install'
[1.161s] Level 1:colcon.colcon_core.package_identification:_identify(.) by extensions ['colcon_pkg']
[1.161s] Level 1:colcon.colcon_core.package_identification:_identify(.) by extension 'colcon_pkg'
[1.161s] Level 1:colcon.colcon_core.package_identification:_identify(.) by extensions ['colcon_meta']
[1.161s] Level 1:colcon.colcon_core.package_identification:_identify(.) by extension 'colcon_meta'
[1.161s] Level 1:colcon.colcon_core.package_identification:_identify(.) by extensions ['ros']
[1.161s] Level 1:colcon.colcon_core.package_identification:_identify(.) by extension 'ros'
[1.175s] DEBUG:colcon.colcon_core.package_identification:Package '.' with type 'ros.ament_python' and name 'master_simulator'
[1.175s] Level 1:colcon.colcon_core.package_discovery:discover_packages(recursive) using defaults
[1.175s] Level 1:colcon.colcon_core.package_discovery:discover_packages(ignore) discover
[1.175s] Level 1:colcon.colcon_core.package_discovery:discover_packages(ignore) using defaults
[1.175s] Level 1:colcon.colcon_core.package_discovery:discover_packages(path) discover
[1.175s] Level 1:colcon.colcon_core.package_discovery:discover_packages(path) using defaults
[1.278s] Level 1:colcon.colcon_core.package_discovery:discover_packages(prefix_path) check parameters
[1.278s] Level 1:colcon.colcon_core.package_discovery:discover_packages(prefix_path) discover
[1.295s] WARNING:colcon.colcon_ros.prefix_path.ament:The path '/home/lasse/ROS/master_ws/install/simulator' in the environment variable AMENT_PREFIX_PATH doesn't exist
[1.311s] DEBUG:colcon.colcon_installed_package_information.package_discovery:Found 0 installed packages in /home/lasse/ROS/master_ws/install
[1.328s] DEBUG:colcon.colcon_installed_package_information.package_discovery:Found 295 installed packages in /opt/ros/humble
[1.330s] Level 1:colcon.colcon_core.package_discovery:discover_packages(prefix_path) using defaults
[1.431s] Level 5:colcon.colcon_core.verb:set package 'master_simulator' build argument 'cmake_args' from command line to 'None'
[1.431s] Level 5:colcon.colcon_core.verb:set package 'master_simulator' build argument 'cmake_target' from command line to 'None'
[1.431s] Level 5:colcon.colcon_core.verb:set package 'master_simulator' build argument 'cmake_target_skip_unavailable' from command line to 'False'
[1.431s] Level 5:colcon.colcon_core.verb:set package 'master_simulator' build argument 'cmake_clean_cache' from command line to 'False'
[1.431s] Level 5:colcon.colcon_core.verb:set package 'master_simulator' build argument 'cmake_clean_first' from command line to 'False'
[1.431s] Level 5:colcon.colcon_core.verb:set package 'master_simulator' build argument 'cmake_force_configure' from command line to 'False'
[1.431s] Level 5:colcon.colcon_core.verb:set package 'master_simulator' build argument 'ament_cmake_args' from command line to 'None'
[1.431s] Level 5:colcon.colcon_core.verb:set package 'master_simulator' build argument 'catkin_cmake_args' from command line to 'None'
[1.431s] Level 5:colcon.colcon_core.verb:set package 'master_simulator' build argument 'catkin_skip_building_tests' from command line to 'False'
[1.431s] DEBUG:colcon.colcon_core.verb:Building package 'master_simulator' with the following arguments: {'ament_cmake_args': None, 'build_base': '/home/lasse/ROS/master_ws/src/master_simulator/build/master_simulator', 'catkin_cmake_args': None, 'catkin_skip_building_tests': False, 'cmake_args': None, 'cmake_clean_cache': False, 'cmake_clean_first': False, 'cmake_force_configure': False, 'cmake_target': None, 'cmake_target_skip_unavailable': False, 'install_base': '/home/lasse/ROS/master_ws/src/master_simulator/install/master_simulator', 'merge_install': False, 'path': '/home/lasse/ROS/master_ws/src/master_simulator', 'symlink_install': False, 'test_result_base': None}
[1.450s] INFO:colcon.colcon_core.executor:Executing jobs using 'parallel' executor
[1.466s] DEBUG:colcon.colcon_parallel_executor.executor.parallel:run_until_complete
[1.466s] INFO:colcon.colcon_ros.task.ament_python.build:Building ROS package in '/home/lasse/ROS/master_ws/src/master_simulator' with build type 'ament_python'
[1.466s] Level 1:colcon.colcon_core.shell:create_environment_hook('master_simulator', 'ament_prefix_path')
[1.484s] INFO:colcon.colcon_core.plugin_system:Skipping extension 'colcon_core.shell.bat': Not used on non-Windows systems
[1.484s] INFO:colcon.colcon_core.shell:Creating environment hook '/home/lasse/ROS/master_ws/src/master_simulator/install/master_simulator/share/master_simulator/hook/ament_prefix_path.ps1'
[1.485s] INFO:colcon.colcon_core.shell:Creating environment descriptor '/home/lasse/ROS/master_ws/src/master_simulator/install/master_simulator/share/master_simulator/hook/ament_prefix_path.dsv'
[1.485s] INFO:colcon.colcon_core.shell:Creating environment hook '/home/lasse/ROS/master_ws/src/master_simulator/install/master_simulator/share/master_simulator/hook/ament_prefix_path.sh'
[1.518s] INFO:colcon.colcon_core.shell:Skip shell extension 'powershell' for command environment: Not usable outside of PowerShell
[1.518s] DEBUG:colcon.colcon_core.shell:Skip shell extension 'dsv' for command environment
[1.876s] INFO:colcon.colcon_core.task.python.build:Building Python package in '/home/lasse/ROS/master_ws/src/master_simulator'
[1.895s] INFO:colcon.colcon_core.shell:Skip shell extension 'powershell' for command environment: Not usable outside of PowerShell
[1.895s] DEBUG:colcon.colcon_core.shell:Skip shell extension 'dsv' for command environment
[2.324s] DEBUG:colcon.colcon_core.event_handler.log_command:Invoking command in '/home/lasse/ROS/master_ws/src/master_simulator': PYTHONPATH=/home/lasse/ROS/master_ws/src/master_simulator/build/master_simulator/prefix_override:/home/lasse/ROS/master_ws/src/master_simulator/install/master_simulator/lib/python3.10/site-packages:${PYTHONPATH} /usr/bin/python3 setup.py egg_info --egg-base build/master_simulator build --build-base /home/lasse/ROS/master_ws/src/master_simulator/build/master_simulator/build install --record /home/lasse/ROS/master_ws/src/master_simulator/build/master_simulator/install.log --single-version-externally-managed
[2.669s] DEBUG:colcon.colcon_core.event_handler.log_command:Invoked command in '/home/lasse/ROS/master_ws/src/master_simulator' returned '0': PYTHONPATH=/home/lasse/ROS/master_ws/src/master_simulator/build/master_simulator/prefix_override:/home/lasse/ROS/master_ws/src/master_simulator/install/master_simulator/lib/python3.10/site-packages:${PYTHONPATH} /usr/bin/python3 setup.py egg_info --egg-base build/master_simulator build --build-base /home/lasse/ROS/master_ws/src/master_simulator/build/master_simulator/build install --record /home/lasse/ROS/master_ws/src/master_simulator/build/master_simulator/install.log --single-version-externally-managed
[2.692s] Level 1:colcon.colcon_core.environment:checking '/home/lasse/ROS/master_ws/src/master_simulator/install/master_simulator' for CMake module files
[2.693s] Level 1:colcon.colcon_core.environment:checking '/home/lasse/ROS/master_ws/src/master_simulator/install/master_simulator' for CMake config files
[2.694s] Level 1:colcon.colcon_core.environment:checking '/home/lasse/ROS/master_ws/src/master_simulator/install/master_simulator/lib'
[2.694s] Level 1:colcon.colcon_core.environment:checking '/home/lasse/ROS/master_ws/src/master_simulator/install/master_simulator/bin'
[2.694s] Level 1:colcon.colcon_core.environment:checking '/home/lasse/ROS/master_ws/src/master_simulator/install/master_simulator/lib/pkgconfig/master_simulator.pc'
[2.694s] Level 1:colcon.colcon_core.environment:checking '/home/lasse/ROS/master_ws/src/master_simulator/install/master_simulator/lib/python3.10/site-packages'
[2.694s] Level 1:colcon.colcon_core.shell:create_environment_hook('master_simulator', 'pythonpath')
[2.714s] INFO:colcon.colcon_core.shell:Creating environment hook '/home/lasse/ROS/master_ws/src/master_simulator/install/master_simulator/share/master_simulator/hook/pythonpath.ps1'
[2.714s] INFO:colcon.colcon_core.shell:Creating environment descriptor '/home/lasse/ROS/master_ws/src/master_simulator/install/master_simulator/share/master_simulator/hook/pythonpath.dsv'
[2.714s] INFO:colcon.colcon_core.shell:Creating environment hook '/home/lasse/ROS/master_ws/src/master_simulator/install/master_simulator/share/master_simulator/hook/pythonpath.sh'
[2.715s] Level 1:colcon.colcon_core.environment:checking '/home/lasse/ROS/master_ws/src/master_simulator/install/master_simulator/bin'
[2.715s] Level 1:colcon.colcon_core.environment:create_environment_scripts_only(master_simulator)
[2.733s] INFO:colcon.colcon_core.shell:Creating package script '/home/lasse/ROS/master_ws/src/master_simulator/install/master_simulator/share/master_simulator/package.ps1'
[2.734s] INFO:colcon.colcon_core.shell:Creating package descriptor '/home/lasse/ROS/master_ws/src/master_simulator/install/master_simulator/share/master_simulator/package.dsv'
[2.735s] INFO:colcon.colcon_core.shell:Creating package script '/home/lasse/ROS/master_ws/src/master_simulator/install/master_simulator/share/master_simulator/package.sh'
[2.735s] INFO:colcon.colcon_core.shell:Creating package script '/home/lasse/ROS/master_ws/src/master_simulator/install/master_simulator/share/master_simulator/package.bash'
[2.736s] INFO:colcon.colcon_core.shell:Creating package script '/home/lasse/ROS/master_ws/src/master_simulator/install/master_simulator/share/master_simulator/package.zsh'
[2.737s] Level 1:colcon.colcon_core.environment:create_file_with_runtime_dependencies(/home/lasse/ROS/master_ws/src/master_simulator/install/master_simulator/share/colcon-core/packages/master_simulator)
[2.737s] DEBUG:colcon.colcon_parallel_executor.executor.parallel:closing loop
[2.738s] DEBUG:colcon.colcon_parallel_executor.executor.parallel:loop closed
[2.738s] DEBUG:colcon.colcon_parallel_executor.executor.parallel:run_until_complete finished with '0'
[2.738s] DEBUG:colcon.colcon_core.event_reactor:joining thread
[2.760s] INFO:colcon.colcon_core.plugin_system:Skipping extension 'colcon_notification.desktop_notification.terminal_notifier': Not used on non-Darwin systems
[2.760s] INFO:colcon.colcon_core.plugin_system:Skipping extension 'colcon_notification.desktop_notification.win32': Not used on non-Windows systems
[2.760s] INFO:colcon.colcon_notification.desktop_notification:Sending desktop notification using 'notify2'
[2.775s] DEBUG:colcon.colcon_core.event_reactor:joined thread
[2.794s] INFO:colcon.colcon_core.shell:Creating prefix script '/home/lasse/ROS/master_ws/src/master_simulator/install/local_setup.ps1'
[2.795s] INFO:colcon.colcon_core.shell:Creating prefix util module '/home/lasse/ROS/master_ws/src/master_simulator/install/_local_setup_util_ps1.py'
[2.796s] INFO:colcon.colcon_core.shell:Creating prefix chain script '/home/lasse/ROS/master_ws/src/master_simulator/install/setup.ps1'
[2.816s] INFO:colcon.colcon_core.shell:Creating prefix script '/home/lasse/ROS/master_ws/src/master_simulator/install/local_setup.sh'
[2.817s] INFO:colcon.colcon_core.shell:Creating prefix util module '/home/lasse/ROS/master_ws/src/master_simulator/install/_local_setup_util_sh.py'
[2.817s] INFO:colcon.colcon_core.shell:Creating prefix chain script '/home/lasse/ROS/master_ws/src/master_simulator/install/setup.sh'
[2.836s] INFO:colcon.colcon_core.shell:Creating prefix script '/home/lasse/ROS/master_ws/src/master_simulator/install/local_setup.bash'
[2.836s] INFO:colcon.colcon_core.shell:Creating prefix chain script '/home/lasse/ROS/master_ws/src/master_simulator/install/setup.bash'
[2.854s] INFO:colcon.colcon_core.shell:Creating prefix script '/home/lasse/ROS/master_ws/src/master_simulator/install/local_setup.zsh'
[2.855s] INFO:colcon.colcon_core.shell:Creating prefix chain script '/home/lasse/ROS/master_ws/src/master_simulator/install/setup.zsh'
