/home/lasse/ROS/master_ws/src/master_simulator/install/master_simulator/lib/python3.10/site-packages/master_simulator/test_simulation.py
/home/lasse/ROS/master_ws/src/master_simulator/install/master_simulator/lib/python3.10/site-packages/master_simulator/__init__.py
/home/lasse/ROS/master_ws/src/master_simulator/install/master_simulator/lib/python3.10/site-packages/master_simulator/simulation.py
/home/lasse/ROS/master_ws/src/master_simulator/install/master_simulator/lib/python3.10/site-packages/master_simulator/auv_dynamics.py
/home/lasse/ROS/master_ws/src/master_simulator/install/master_simulator/lib/python3.10/site-packages/master_simulator/__pycache__/test_simulation.cpython-310.pyc
/home/lasse/ROS/master_ws/src/master_simulator/install/master_simulator/lib/python3.10/site-packages/master_simulator/__pycache__/__init__.cpython-310.pyc
/home/lasse/ROS/master_ws/src/master_simulator/install/master_simulator/lib/python3.10/site-packages/master_simulator/__pycache__/simulation.cpython-310.pyc
/home/lasse/ROS/master_ws/src/master_simulator/install/master_simulator/lib/python3.10/site-packages/master_simulator/__pycache__/auv_dynamics.cpython-310.pyc
/home/lasse/ROS/master_ws/src/master_simulator/install/master_simulator/share/ament_index/resource_index/packages/master_simulator
/home/lasse/ROS/master_ws/src/master_simulator/install/master_simulator/share/master_simulator/package.xml
/home/lasse/ROS/master_ws/src/master_simulator/install/master_simulator/share/master_simulator/launch/robot_arm_launch.py
/home/lasse/ROS/master_ws/src/master_simulator/install/master_simulator/share/master_simulator/urdf/robot_arm.urdf
/home/lasse/ROS/master_ws/src/master_simulator/install/master_simulator/share/master_simulator/config/robot_arm.rviz
/home/lasse/ROS/master_ws/src/master_simulator/install/master_simulator/lib/python3.10/site-packages/master_simulator-0.0.0-py3.10.egg-info/zip-safe
/home/lasse/ROS/master_ws/src/master_simulator/install/master_simulator/lib/python3.10/site-packages/master_simulator-0.0.0-py3.10.egg-info/entry_points.txt
/home/lasse/ROS/master_ws/src/master_simulator/install/master_simulator/lib/python3.10/site-packages/master_simulator-0.0.0-py3.10.egg-info/dependency_links.txt
/home/lasse/ROS/master_ws/src/master_simulator/install/master_simulator/lib/python3.10/site-packages/master_simulator-0.0.0-py3.10.egg-info/requires.txt
/home/lasse/ROS/master_ws/src/master_simulator/install/master_simulator/lib/python3.10/site-packages/master_simulator-0.0.0-py3.10.egg-info/PKG-INFO
/home/lasse/ROS/master_ws/src/master_simulator/install/master_simulator/lib/python3.10/site-packages/master_simulator-0.0.0-py3.10.egg-info/SOURCES.txt
/home/lasse/ROS/master_ws/src/master_simulator/install/master_simulator/lib/python3.10/site-packages/master_simulator-0.0.0-py3.10.egg-info/top_level.txt
/home/lasse/ROS/master_ws/src/master_simulator/install/master_simulator/lib/master_simulator/simulator_node
/home/lasse/ROS/master_ws/src/master_simulator/install/master_simulator/lib/master_simulator/test_simulator_node
